============================================================
  Generated by:           Genus(TM) Synthesis Solution 16.22-s033_1
  Generated on:           Oct 10 2019  05:18:41 am
  Module:                 rob
  Interconnect mode:      global
  Area mode:              physical library
============================================================

                                 
   Gate     Instances    Area        Library    
------------------------------------------------
ADDHX1              1      3.762    slow_vdd1v0 
ADDHX4              2     14.364    slow_vdd1v0 
AND2X1            426    582.768    slow_vdd1v0 
AND2X2             30     51.300    slow_vdd1v0 
AND2X4             23     62.928    slow_vdd1v0 
AND2X6             38    142.956    slow_vdd1v0 
AND2X8              8     35.568    slow_vdd1v0 
AND2XL              1      1.368    slow_vdd1v0 
AND3X1              4      9.576    slow_vdd1v0 
AND3X4              1      3.078    slow_vdd1v0 
AND3X6              2      8.892    slow_vdd1v0 
AND3XL             22     45.144    slow_vdd1v0 
AO21X1             36     86.184    slow_vdd1v0 
AO21X2              3      8.208    slow_vdd1v0 
AO21X4              2      6.840    slow_vdd1v0 
AO22X1            100    273.600    slow_vdd1v0 
AO22X4              3     11.286    slow_vdd1v0 
AOI211X2            4     13.680    slow_vdd1v0 
AOI211X4           20    129.960    slow_vdd1v0 
AOI21X2           438   1198.368    slow_vdd1v0 
AOI21X4           354   1816.020    slow_vdd1v0 
AOI221X2            4     17.784    slow_vdd1v0 
AOI221X4           16    125.856    slow_vdd1v0 
AOI22X1             7     14.364    slow_vdd1v0 
AOI22X2           294   1106.028    slow_vdd1v0 
AOI22X4           445   2739.420    slow_vdd1v0 
AOI2BB1X1          46     94.392    slow_vdd1v0 
AOI2BB1X2         154    474.012    slow_vdd1v0 
AOI2BB1X4          97    398.088    slow_vdd1v0 
AOI2BB2X1           1      3.420    slow_vdd1v0 
AOI2BB2X2          29    148.770    slow_vdd1v0 
AOI2BB2X4          39    293.436    slow_vdd1v0 
AOI32X2             1      4.446    slow_vdd1v0 
AOI32X4             1      7.866    slow_vdd1v0 
BUFX12             15     76.950    slow_vdd1v0 
BUFX16              4     27.360    slow_vdd1v0 
BUFX2             159    271.890    slow_vdd1v0 
BUFX20              1      8.208    slow_vdd1v0 
BUFX3             112    229.824    slow_vdd1v0 
BUFX4               3      7.182    slow_vdd1v0 
BUFX6              95    292.410    slow_vdd1v0 
BUFX8               3     11.286    slow_vdd1v0 
CLKAND2X12         52    391.248    slow_vdd1v0 
CLKAND2X2         175    359.100    slow_vdd1v0 
CLKAND2X3         104    320.112    slow_vdd1v0 
CLKAND2X4          14     47.880    slow_vdd1v0 
CLKAND2X6         113    541.044    slow_vdd1v0 
CLKAND2X8           8     46.512    slow_vdd1v0 
CLKBUFX20           3     24.624    slow_vdd1v0 
CLKINVX12         122    500.688    slow_vdd1v0 
CLKINVX16          39    213.408    slow_vdd1v0 
CLKINVX2            3      4.104    slow_vdd1v0 
CLKINVX20           8     51.984    slow_vdd1v0 
CLKINVX3            4      6.840    slow_vdd1v0 
CLKINVX4          144    246.240    slow_vdd1v0 
CLKINVX6          136    325.584    slow_vdd1v0 
CLKINVX8          116    357.048    slow_vdd1v0 
CLKMX2X2           15     46.170    slow_vdd1v0 
CLKMX2X3           18     73.872    slow_vdd1v0 
CLKXOR2X1           2      5.472    slow_vdd1v0 
DFFHQX1            12     65.664    slow_vdd1v0 
DFFHQX2            54    369.360    slow_vdd1v0 
DFFHQX4           203   1666.224    slow_vdd1v0 
DFFHQX8            72    664.848    slow_vdd1v0 
DFFQX2              9     58.482    slow_vdd1v0 
DFFQX4             15    107.730    slow_vdd1v0 
DFFX1               2     14.364    slow_vdd1v0 
DFFX2               7     57.456    slow_vdd1v0 
DFFX4              29    267.786    slow_vdd1v0 
INVX1             421    287.964    slow_vdd1v0 
INVX12              5     20.520    slow_vdd1v0 
INVX16              3     16.416    slow_vdd1v0 
INVX2             432    443.232    slow_vdd1v0 
INVX20              5     32.490    slow_vdd1v0 
INVX3             211    288.648    slow_vdd1v0 
INVX4               6     10.260    slow_vdd1v0 
INVX6               8     19.152    slow_vdd1v0 
INVX8               5     15.390    slow_vdd1v0 
INVXL               3      2.052    slow_vdd1v0 
MDFFHQX4            2     18.468    slow_vdd1v0 
MX2X1              51    122.094    slow_vdd1v0 
MX4X1               3     22.572    slow_vdd1v0 
MXI2X2              4     17.784    slow_vdd1v0 
MXI2X4              2     10.260    slow_vdd1v0 
MXI2X6              1      5.130    slow_vdd1v0 
MXI2X8              1      6.156    slow_vdd1v0 
MXI4X1             16    114.912    slow_vdd1v0 
NAND2BX1           24     32.832    slow_vdd1v0 
NAND2BX2           89    213.066    slow_vdd1v0 
NAND2BX4           42    158.004    slow_vdd1v0 
NAND2X1           263    269.838    slow_vdd1v0 
NAND2X2           799   1366.290    slow_vdd1v0 
NAND2X4           638   2181.960    slow_vdd1v0 
NAND2X6           152    727.776    slow_vdd1v0 
NAND2X8            85    465.120    slow_vdd1v0 
NAND2XL            30     30.780    slow_vdd1v0 
NAND3BX2            1      3.078    slow_vdd1v0 
NAND3BX4            9     46.170    slow_vdd1v0 
NAND3X2             2      5.472    slow_vdd1v0 
NAND3X4            15     71.820    slow_vdd1v0 
NAND3X6             1      7.182    slow_vdd1v0 
NAND3X8             2     16.416    slow_vdd1v0 
NOR2BX1            41     56.088    slow_vdd1v0 
NOR2BX2           134    366.624    slow_vdd1v0 
NOR2BX4            86    323.532    slow_vdd1v0 
NOR2X1            279    286.254    slow_vdd1v0 
NOR2X2            822   1405.620    slow_vdd1v0 
NOR2X4            886   2727.108    slow_vdd1v0 
NOR2X6            153    627.912    slow_vdd1v0 
NOR2X8             43    235.296    slow_vdd1v0 
NOR2XL              2      2.052    slow_vdd1v0 
NOR3BX2             6     20.520    slow_vdd1v0 
NOR3BX4             9     52.326    slow_vdd1v0 
NOR3X2             30     82.080    slow_vdd1v0 
NOR3X4            103    528.390    slow_vdd1v0 
NOR3X6             33    237.006    slow_vdd1v0 
NOR3X8             12    106.704    slow_vdd1v0 
OA21X1             84    172.368    slow_vdd1v0 
OA21X2              4     12.312    slow_vdd1v0 
OA21X4              2      7.524    slow_vdd1v0 
OA22X1            132    316.008    slow_vdd1v0 
OA22X2              1      3.420    slow_vdd1v0 
OA22X4              1      4.104    slow_vdd1v0 
OAI21X1             5      8.550    slow_vdd1v0 
OAI21X2           356   1095.768    slow_vdd1v0 
OAI21X4           111    531.468    slow_vdd1v0 
OAI22X1             5     10.260    slow_vdd1v0 
OAI22X2           214    731.880    slow_vdd1v0 
OAI22X4           185   1202.130    slow_vdd1v0 
OAI2BB1X1          16     27.360    slow_vdd1v0 
OAI2BB1X2         167    514.026    slow_vdd1v0 
OAI2BB1X4         137    609.102    slow_vdd1v0 
OAI2BB2X2          11     60.192    slow_vdd1v0 
OAI2BB2X4          22    188.100    slow_vdd1v0 
OAI31X4             2     13.680    slow_vdd1v0 
OAI32X2             2      8.892    slow_vdd1v0 
OAI32X4             1      8.208    slow_vdd1v0 
OR2X1             376    514.368    slow_vdd1v0 
OR2X2             147    251.370    slow_vdd1v0 
OR2X4              82    224.352    slow_vdd1v0 
OR2X6              79    297.198    slow_vdd1v0 
OR2X8               6     26.676    slow_vdd1v0 
OR3X1              61    125.172    slow_vdd1v0 
OR3X2               2      4.788    slow_vdd1v0 
OR3X4               2      6.156    slow_vdd1v0 
OR3X6               2      9.576    slow_vdd1v0 
OR4X1               3      6.156    slow_vdd1v0 
XNOR2X1            10     23.940    slow_vdd1v0 
XNOR2X2             1      3.078    slow_vdd1v0 
XNOR3X1             1      7.524    slow_vdd1v0 
XOR3X1              1      7.524    slow_vdd1v0 
------------------------------------------------
total           12724  38832.732                


                                          
     Type      Instances    Area   Area % 
------------------------------------------
sequential           405  3290.382    8.5 
inverter            1671  2842.020    7.3 
buffer               395   949.734    2.4 
logic              10253 31750.596   81.8 
physical_cells         0     0.000    0.0 
------------------------------------------
total              12724 38832.732  100.0 

