============================================================
  Generated by:           Genus(TM) Synthesis Solution 16.22-s033_1
  Generated on:           Oct 10 2019  05:18:41 am
  Module:                 rob
  Interconnect mode:      global
  Area mode:              physical library
============================================================

Timing
--------

  Mode   Clock Period 
----------------------
func_max clk   1000.0 


           Cost   Critical             Violating 
  Mode    Group  Path Slack    TNS       Paths   
-------------------------------------------------
func_max     clk    -1804.4 -519531.6        410 
         default   No paths       0.0          0 
-------------------------------------------------
Total                       -519531.6        410 
                                                 

Instance Count
--------------
Leaf Instance Count             12724 
Physical Instance count             0 
Sequential Instance Count         405 
Combinational Instance Count    12319 
Hierarchical Instance Count         0 

Area
----
Cell Area                          38832.732
Physical Cell Area                 0.000
Total Cell Area (Cell+Physical)    38832.732
Net Area                           15197.914
Total Area (Cell+Physical+Net)     54030.646

Max Fanout                         405 (clk)
Min Fanout                         0 (Q[111][0])
Average Fanout                     2.2
Terms to net ratio                 3.2339
Terms to instance ratio            3.2822
Runtime                            384.215029 seconds
Elapsed Runtime                    389 seconds
Genus peak memory usage            655.37 
Innovus peak memory usage          no_value 
Hostname                           ECE009.ECE.LOCAL.CMU.EDU
