============================================================
  Generated by:           Genus(TM) Synthesis Solution 16.22-s033_1
  Generated on:           Oct 10 2019  05:18:40 am
  Module:                 rob
  Interconnect mode:      global
  Area mode:              physical library
============================================================


Path 1: VIOLATED (-1804 ps) Setup Check with Pin full_count_reg[4]/CK->D
           View: func_max
          Group: clk
     Startpoint: (R) head_reg[1]/CK
          Clock: (R) clk
       Endpoint: (R) full_count_reg[4]/D
          Clock: (R) clk

                     Capture       Launch     
        Clock Edge:+    1000            0     
       Src Latency:+       0            0     
       Net Latency:+       0 (I)        0 (I) 
           Arrival:=    1000            0     
                                              
             Setup:-     117                  
       Uncertainty:-      50                  
     Required Time:=     833                  
      Launch Clock:-       0                  
         Data Path:-    2637                  
             Slack:=   -1804                  

#------------------------------------------------------------------------------------
#    Timing Point     Flags   Arc   Edge    Cell     Fanout Load Trans Delay Arrival 
#                                                           (fF)  (ps)  (ps)   (ps)  
#------------------------------------------------------------------------------------
  head_reg[1]/CK      -       -     R     (arrival)     405    -    50     -       0 
  head_reg[1]/Q       -       CK->Q R     DFFHQX4         1  8.0    56   245     245 
  g534626/Y           -       A->Y  F     CLKINVX16      11 28.3    70    64     309 
  g534257/Y           -       A->Y  R     NOR2X6          3  5.2    67    82     391 
  g534074/Y           -       A->Y  R     BUFX12          5 11.7    44   113     504 
  g534069/Y           -       A->Y  F     CLKINVX12       4 13.2    48    48     552 
  g534067/Y           -       A->Y  R     CLKINVX16       7 15.5    39    46     598 
  g530004/Y           -       A1->Y F     OAI21X4         1  4.5   117    95     693 
  g529390/Y           -       B->Y  R     NOR2X8          3  8.0    81    94     787 
  g529261/Y           -       A->Y  F     CLKINVX6        3  8.6    60    70     856 
  g528442/Y           -       A->Y  R     NOR2X4          2  4.4    81    84     940 
  g528060/Y           -       B->Y  R     CLKAND2X6       6 13.0    63   133    1073 
  g527443/Y           -       B->Y  R     CLKAND2X2       1  3.2    50   127    1201 
  g527283/Y           -       A->Y  F     NAND2X4         1  2.7    75    83    1283 
  g526518/Y           -       A->Y  F     CLKAND2X6       2  6.4    48   124    1407 
  g525341/Y           -       A->Y  R     NAND2X8         1  4.0    34    42    1449 
  g525041/Y           -       B->Y  F     NOR2X6          1  3.8    44    38    1487 
  g524663/Y           -       A->Y  R     NOR2X6          1  3.1    54    62    1550 
  g524087/Y           -       B->Y  R     CLKAND2X12      6 15.4    52   124    1674 
  g523234__1237/Y     -       B->Y  F     NAND2X6         1  4.5    82    78    1751 
  g522637__7557/Y     -       A->Y  R     NOR2X8          2  6.4    63    87    1838 
  g522176__1279/Y     -       B->Y  F     NOR2X4          1  2.0    36    51    1889 
  g540727/Y           -       B->Y  R     XNOR2X2         1  4.0    74   223    2112 
  g521512__9771/Y     -       B->Y  F     NOR2X6          2  4.9    50    60    2172 
  g521311__1237/Y     -       B->Y  R     NOR2X6          1  4.8    62    61    2233 
  g521244__8867/Y     -       B->Y  F     NOR2X8          4  9.2    59    59    2292 
  g521229__5927/Y     -       B->Y  R     NOR2X8          1  3.2    48    55    2347 
  g521220__9867/Y     -       B0->Y F     AOI21X4         1  2.0    78    43    2390 
  g521206__3717/Y     -       B->Y  F     XNOR2X1         1  3.0    93   174    2564 
  g521200__7557/Y     -       B->Y  R     NOR2X4          1  1.9    54    73    2637 
  full_count_reg[4]/D <<<     -     R     DFFHQX1         1    -     -     0    2637 
#------------------------------------------------------------------------------------

